npm warn Unknown project config "enable-pre-post-scripts". This will stop working in the next major version of npm.

> build
> cross-env NODE_OPTIONS="--no-deprecation --max-old-space-size=8000" next build

 ⚠ Warning: Found multiple lockfiles. Selecting /Users/tharuka/package-lock.json.
   Consider removing the lockfiles at:
   * /Users/tharuka/Developer/Clients/AirPrint-lk/package-lock.json

   ▲ Next.js 15.4.11
   - Environments: .env

   Creating an optimized production build ...
 ✓ Compiled successfully in 11.0s
   Linting and checking validity of types ...

./src/app/(app)/(account)/account/addresses/page.tsx
39:5  Warning: 'orders' is assigned a value but never used. Allowed unused vars must match /^_/u.  @typescript-eslint/no-unused-vars
40:12  Warning: 'error' is defined but never used. Allowed unused caught errors must match /^(_|ignore)/u.  @typescript-eslint/no-unused-vars

./src/app/(app)/(account)/account/page.tsx
42:12  Warning: 'error' is defined but never used. Allowed unused caught errors must match /^(_|ignore)/u.  @typescript-eslint/no-unused-vars
72:34  Warning: 'index' is defined but never used. Allowed unused args must match /^_/u.  @typescript-eslint/no-unused-vars

./src/app/(app)/(account)/orders/page.tsx
38:12  Warning: 'error' is defined but never used. Allowed unused caught errors must match /^(_|ignore)/u.  @typescript-eslint/no-unused-vars
50:34  Warning: 'index' is defined but never used. Allowed unused args must match /^_/u.  @typescript-eslint/no-unused-vars

./src/app/(app)/[slug]/page.tsx
46:9  Warning: 'url' is assigned a value but never used. Allowed unused vars must match /^_/u.  @typescript-eslint/no-unused-vars

./src/app/(app)/checkout/confirm-order/page.tsx
4:17  Warning: 'Fragment' is defined but never used. Allowed unused vars must match /^_/u.  @typescript-eslint/no-unused-vars
16:9  Warning: 'paymentIntent' is assigned a value but never used. Allowed unused vars must match /^_/u.  @typescript-eslint/no-unused-vars

./src/app/(app)/logout/LogoutPage/index.tsx
7:38  Warning: 'props' is defined but never used. Allowed unused args must match /^_/u.  @typescript-eslint/no-unused-vars

./src/blocks/Carousel/Component.tsx
14:11  Warning: 'id' is assigned a value but never used. Allowed unused vars must match /^_/u.  @typescript-eslint/no-unused-vars

./src/blocks/Form/Checkbox/index.tsx
10:10  Warning: 'Error' is defined but never used. Allowed unused vars must match /^_/u.  @typescript-eslint/no-unused-vars
19:22  Warning: Unexpected any. Specify a different type.  @typescript-eslint/no-explicit-any
22:16  Warning: Unexpected any. Specify a different type.  @typescript-eslint/no-explicit-any
24:15  Warning: Unexpected any. Specify a different type.  @typescript-eslint/no-explicit-any

./src/blocks/Form/Component.tsx
146:43  Warning: Unexpected any. Specify a different type.  @typescript-eslint/no-explicit-any

./src/blocks/Form/Country/index.tsx
21:35  Warning: Unexpected any. Specify a different type.  @typescript-eslint/no-explicit-any
24:22  Warning: Unexpected any. Specify a different type.  @typescript-eslint/no-explicit-any

./src/blocks/Form/Email/index.tsx
17:22  Warning: Unexpected any. Specify a different type.  @typescript-eslint/no-explicit-any

./src/blocks/Form/Number/index.tsx
8:10  Warning: 'Error' is defined but never used. Allowed unused vars must match /^_/u.  @typescript-eslint/no-unused-vars
17:22  Warning: Unexpected any. Specify a different type.  @typescript-eslint/no-explicit-any

./src/blocks/Form/Select/index.tsx
20:35  Warning: Unexpected any. Specify a different type.  @typescript-eslint/no-explicit-any
23:22  Warning: Unexpected any. Specify a different type.  @typescript-eslint/no-explicit-any

./src/blocks/Form/State/index.tsx
21:35  Warning: Unexpected any. Specify a different type.  @typescript-eslint/no-explicit-any
24:22  Warning: Unexpected any. Specify a different type.  @typescript-eslint/no-explicit-any

./src/blocks/Form/Text/index.tsx
17:22  Warning: Unexpected any. Specify a different type.  @typescript-eslint/no-explicit-any

./src/blocks/Form/Textarea/index.tsx
17:22  Warning: Unexpected any. Specify a different type.  @typescript-eslint/no-explicit-any

./src/collections/Pages/hooks/revalidatePage.ts
45:14  Warning: 'e' is defined but never used. Allowed unused caught errors must match /^(_|ignore)/u.  @typescript-eslint/no-unused-vars

./src/collections/Products/index.ts
102:75  Warning: Unexpected any. Specify a different type.  @typescript-eslint/no-explicit-any

./src/components/Cart/AddToCart.tsx
19:9  Warning: The 'variants' logical expression could make the dependencies of useMemo Hook (at line 38) change on every render. Move it inside the useMemo callback. Alternatively, wrap the initialization of 'variants' in its own useMemo() Hook.  react-hooks/exhaustive-deps

./src/components/Cart/CartModal.tsx
38:55  Warning: Unexpected any. Specify a different type.  @typescript-eslint/no-explicit-any
96:72  Warning: Unexpected any. Specify a different type.  @typescript-eslint/no-explicit-any
136:50  Warning: Unexpected any. Specify a different type.  @typescript-eslint/no-explicit-any

./src/components/Cart/OpenCart.tsx
2:8  Warning: 'clsx' is defined but never used. Allowed unused vars must match /^_/u.  @typescript-eslint/no-unused-vars
3:10  Warning: 'ShoppingCart' is defined but never used. Allowed unused vars must match /^_/u.  @typescript-eslint/no-unused-vars
7:3  Warning: 'className' is defined but never used. Allowed unused args must match /^_/u.  @typescript-eslint/no-unused-vars

./src/components/CategoryTabs/Item.tsx
15:9  Warning: 'q' is assigned a value but never used. Allowed unused vars must match /^_/u.  @typescript-eslint/no-unused-vars

./src/components/Footer/menu.tsx
1:15  Warning: 'Footer' is defined but never used. Allowed unused vars must match /^_/u.  @typescript-eslint/no-unused-vars
7:9  Warning: Unexpected any. Specify a different type.  @typescript-eslint/no-explicit-any

./src/components/Header/MobileMenu.tsx
32:9  Warning: 'closeMobileMenu' is assigned a value but never used. Allowed unused vars must match /^_/u.  @typescript-eslint/no-unused-vars

./src/components/Header/index.client.tsx
80:50  Warning: Unexpected any. Specify a different type.  @typescript-eslint/no-explicit-any
128:58  Warning: Unexpected any. Specify a different type.  @typescript-eslint/no-explicit-any
132:65  Warning: Unexpected any. Specify a different type.  @typescript-eslint/no-explicit-any

./src/components/Media/Image/index.tsx
30:10  Warning: 'isLoading' is assigned a value but never used. Allowed unused elements of array destructuring must match /^_/u.  @typescript-eslint/no-unused-vars
50:11  Warning: 'filename' is assigned a value but never used. Allowed unused vars must match /^_/u.  @typescript-eslint/no-unused-vars

./src/components/Media/index.tsx
12:31  Warning: Unexpected any. Specify a different type.  @typescript-eslint/no-explicit-any
22:41  Warning: Image elements must have an alt prop, either with meaningful text, or an empty string for decorative images.  jsx-a11y/alt-text

./src/components/ProductGridItem/index.tsx
1:24  Warning: 'Variant' is defined but never used. Allowed unused vars must match /^_/u.  @typescript-eslint/no-unused-vars

./src/components/ProductItem/index.tsx
2:10  Warning: 'OrderStatus' is defined but never used. Allowed unused vars must match /^_/u.  @typescript-eslint/no-unused-vars
4:10  Warning: 'Button' is defined but never used. Allowed unused vars must match /^_/u.  @typescript-eslint/no-unused-vars
5:19  Warning: 'MediaType' is defined but never used. Allowed unused vars must match /^_/u.  @typescript-eslint/no-unused-vars
5:30  Warning: 'Order' is defined but never used. Allowed unused vars must match /^_/u.  @typescript-eslint/no-unused-vars
6:10  Warning: 'formatDateTime' is defined but never used. Allowed unused vars must match /^_/u.  @typescript-eslint/no-unused-vars
22:3  Warning: 'style' is assigned a value but never used. Allowed unused args must match /^_/u.  @typescript-eslint/no-unused-vars
40:55  Warning: Unexpected any. Specify a different type.  @typescript-eslint/no-explicit-any
45:56  Warning: Unexpected any. Specify a different type.  @typescript-eslint/no-explicit-any
78:32  Warning: Unexpected any. Specify a different type.  @typescript-eslint/no-explicit-any

./src/components/Testimonials/index.tsx
19:54  Warning: Unexpected any. Specify a different type.  @typescript-eslint/no-explicit-any

./src/components/checkout/CheckoutPage.tsx
67:6  Warning: React Hook useEffect has a missing dependency: 'shippingAddress'. Either include it or remove the dependency array.  react-hooks/exhaustive-deps
105:5  Warning: React Hook useCallback has missing dependencies: 'email' and 'initiatePayment'. Either include them or remove the dependency array.  react-hooks/exhaustive-deps
302:12  Warning: Use "@ts-expect-error" instead of "@ts-ignore", as "@ts-ignore" will do nothing if the following line is error-free.  @typescript-eslint/ban-ts-comment
361:28  Warning: 'id' is assigned a value but never used. Allowed unused vars must match /^_/u.  @typescript-eslint/no-unused-vars
376:67  Warning: Unexpected any. Specify a different type.  @typescript-eslint/no-explicit-any
383:68  Warning: Unexpected any. Specify a different type.  @typescript-eslint/no-explicit-any
411:44  Warning: Unexpected any. Specify a different type.  @typescript-eslint/no-explicit-any

./src/components/forms/AccountForm/index.tsx
5:10  Warning: 'Message' is defined but never used. Allowed unused vars must match /^_/u.  @typescript-eslint/no-unused-vars

./src/components/layout/search/Categories.tsx
6:10  Warning: 'FilterList' is defined but never used. Allowed unused vars must match /^_/u.  @typescript-eslint/no-unused-vars

./src/components/product/Gallery.tsx
3:24  Warning: 'MediaType' is defined but never used. Allowed unused vars must match /^_/u.  @typescript-eslint/no-unused-vars

./src/components/product/StockIndicator.tsx
9:9  Warning: The 'variants' logical expression could make the dependencies of useMemo Hook (at line 27) change on every render. Move it inside the useMemo callback. Alternatively, wrap the initialization of 'variants' in its own useMemo() Hook.  react-hooks/exhaustive-deps

./src/components/product/VariantSelector.tsx
23:35  Warning: Unexpected any. Specify a different type.  @typescript-eslint/no-explicit-any
39:36  Warning: Unexpected any. Specify a different type.  @typescript-eslint/no-explicit-any
65:37  Warning: Unexpected any. Specify a different type.  @typescript-eslint/no-explicit-any
66:35  Warning: Unexpected any. Specify a different type.  @typescript-eslint/no-explicit-any
70:66  Warning: Unexpected any. Specify a different type.  @typescript-eslint/no-explicit-any
80:80  Warning: Unexpected any. Specify a different type.  @typescript-eslint/no-explicit-any
82:43  Warning: Unexpected any. Specify a different type.  @typescript-eslint/no-explicit-any
82:81  Warning: Unexpected any. Specify a different type.  @typescript-eslint/no-explicit-any

./src/endpoints/seed/home.ts
1:15  Warning: 'Category' is defined but never used. Allowed unused vars must match /^_/u.  @typescript-eslint/no-unused-vars
613:7  Warning: Use "@ts-expect-error" instead of "@ts-ignore", as "@ts-ignore" will do nothing if the following line is error-free.  @typescript-eslint/ban-ts-comment

./src/endpoints/seed/index.ts
147:5  Warning: 'accessoriesCategory' is assigned a value but never used. Allowed unused elements of array destructuring must match /^_/u.  @typescript-eslint/no-unused-vars
269:5  Warning: 'hoodieID' is assigned a value but never used. Allowed unused vars must match /^_/u.  @typescript-eslint/no-unused-vars
275:5  Warning: 'largeTshirtHoodieVariant' is assigned a value but never used. Allowed unused elements of array destructuring must match /^_/u.  @typescript-eslint/no-unused-vars
276:5  Warning: 'xlargeTshirtHoodieVariant' is assigned a value but never used. Allowed unused elements of array destructuring must match /^_/u.  @typescript-eslint/no-unused-vars
314:13  Warning: 'contactPage' is assigned a value but never used. Allowed unused elements of array destructuring must match /^_/u.  @typescript-eslint/no-unused-vars
334:9  Warning: 'customerUSAddress' is assigned a value but never used. Allowed unused vars must match /^_/u.  @typescript-eslint/no-unused-vars
343:9  Warning: 'customerUKAddress' is assigned a value but never used. Allowed unused vars must match /^_/u.  @typescript-eslint/no-unused-vars
354:9  Warning: 'pendingTransaction' is assigned a value but never used. Allowed unused vars must match /^_/u.  @typescript-eslint/no-unused-vars
387:5  Warning: 'succeededTransactionID' is assigned a value but never used. Allowed unused vars must match /^_/u.  @typescript-eslint/no-unused-vars
393:9  Warning: 'openCart' is assigned a value but never used. Allowed unused vars must match /^_/u.  @typescript-eslint/no-unused-vars
411:9  Warning: 'abandonedCart' is assigned a value but never used. Allowed unused vars must match /^_/u.  @typescript-eslint/no-unused-vars
451:5  Warning: 'completedCartID' is assigned a value but never used. Allowed unused vars must match /^_/u.  @typescript-eslint/no-unused-vars
456:9  Warning: 'orderInCompleted' is assigned a value but never used. Allowed unused vars must match /^_/u.  @typescript-eslint/no-unused-vars
480:9  Warning: 'orderInProcessing' is assigned a value but never used. Allowed unused vars must match /^_/u.  @typescript-eslint/no-unused-vars

./src/endpoints/seed/product-hat.ts
1:34  Warning: 'VariantOption' is defined but never used. Allowed unused vars must match /^_/u.  @typescript-eslint/no-unused-vars
17:3  Warning: 'variantTypes' is defined but never used. Allowed unused args must match /^_/u.  @typescript-eslint/no-unused-vars

./src/providers/Auth/index.tsx
64:14  Warning: 'e' is defined but never used. Allowed unused caught errors must match /^(_|ignore)/u.  @typescript-eslint/no-unused-vars
92:14  Warning: 'e' is defined but never used. Allowed unused caught errors must match /^(_|ignore)/u.  @typescript-eslint/no-unused-vars
113:14  Warning: 'e' is defined but never used. Allowed unused caught errors must match /^(_|ignore)/u.  @typescript-eslint/no-unused-vars
136:16  Warning: 'e' is defined but never used. Allowed unused caught errors must match /^(_|ignore)/u.  @typescript-eslint/no-unused-vars
165:14  Warning: 'e' is defined but never used. Allowed unused caught errors must match /^(_|ignore)/u.  @typescript-eslint/no-unused-vars
193:14  Warning: 'e' is defined but never used. Allowed unused caught errors must match /^(_|ignore)/u.  @typescript-eslint/no-unused-vars
216:14  Warning: 'T' is defined but never used. Allowed unused vars must match /^_/u.  @typescript-eslint/no-unused-vars

./src/utilities/deepMerge.ts
1:1  Warning: Do not use "@ts-nocheck" because it alters compilation errors.  @typescript-eslint/ban-ts-comment

./src/utilities/useClickableCard.ts
99:7  Warning: Include a description after the "@ts-expect-error" directive to explain why the @ts-expect-error is necessary. The description must be 3 characters or longer.  @typescript-eslint/ban-ts-comment
103:7  Warning: Include a description after the "@ts-expect-error" directive to explain why the @ts-expect-error is necessary. The description must be 3 characters or longer.  @typescript-eslint/ban-ts-comment

./src/utilities/useIgnoredEffect.ts
12:16  Warning: Unexpected any. Specify a different type.  @typescript-eslint/no-explicit-any
13:16  Warning: Unexpected any. Specify a different type.  @typescript-eslint/no-explicit-any
20:6  Warning: React Hook useEffect was passed a dependency list that is not an array literal. This means we can't statically verify whether you've passed the correct dependencies.  react-hooks/exhaustive-deps
20:6  Warning: React Hook useEffect has a missing dependency: 'ignoredDeps'. Either include it or remove the dependency array.  react-hooks/exhaustive-deps
22:3  Warning: React Hook useEffect received a function whose dependencies are unknown. Pass an inline function instead.  react-hooks/exhaustive-deps

info  - Need to disable some ESLint rules? Learn more here: https://nextjs.org/docs/app/api-reference/config/eslint#disabling-rules
   Collecting page data ...
   Generating static pages (0/26) ...
   Generating static pages (6/26) 
   Generating static pages (12/26) 
   Generating static pages (19/26) 
 ✓ Generating static pages (26/26)
   Finalizing page optimization ...
   Collecting build traces ...

Route (app)                                 Size  First Load JS
┌ ○ /                                    1.03 kB         215 kB
├ ○ /_not-found                             1 kB         102 kB
├ ● /[slug]                              1.03 kB         215 kB
├   ├ /shipping-and-return-policy
├   ├ /terms-and-conditions
├   ├ /privacy-policy
├   └ [+3 more paths]
├ ○ /about-us                              175 B         110 kB
├ ƒ /account                             3.35 kB         143 kB
├ ƒ /account/addresses                     432 B         164 kB
├ ƒ /admin/[[...segments]]               1.08 kB         724 kB
├ ƒ /api/[...slug]                         176 B         102 kB
├ ƒ /api/graphql                           143 B         102 kB
├ ƒ /api/graphql-playground                176 B         102 kB
├ ○ /checkout                            14.2 kB         195 kB
├ ƒ /checkout/confirm-order              2.06 kB         118 kB
├ ƒ /create-account                      3.47 kB         128 kB
├ ƒ /find-order                          3.07 kB         124 kB
├ ○ /forgot-password                     2.29 kB         127 kB
├ ƒ /login                               3.26 kB         128 kB
├ ○ /logout                              1.25 kB         106 kB
├ ƒ /next/exit-preview                     143 B         102 kB
├ ƒ /next/preview                          143 B         102 kB
├ ƒ /next/seed                             143 B         102 kB
├ ƒ /orders                                485 B         112 kB
├ ƒ /orders/[id]                         1.54 kB         173 kB
├ ƒ /products/[slug]                     2.52 kB         226 kB
└ ƒ /shop                                 1.6 kB         126 kB
+ First Load JS shared by all             101 kB
  ├ chunks/4bd1b696-cc729d47eba2cee4.js  54.1 kB
  ├ chunks/5964-217149ecc4b4e5f3.js      44.1 kB
  └ other shared chunks (total)          3.29 kB


○  (Static)   prerendered as static content
●  (SSG)      prerendered as static HTML (uses generateStaticParams)
ƒ  (Dynamic)  server-rendered on demand

